0	1	mikroCPIC1618.exe -MSF -DBG -pP18F4620 -DL -O11111114 -fo8 -N"C:\Users\Jo\Desktop\GLCD Lib\main.mcppi" -SP"C:\Users\Public\Documents\Mikroelektronika\mikroC PRO for PIC\defs\" -SP"C:\Users\Public\Documents\Mikroelektronika\mikroC PRO for PIC\uses\P18\" -SP"C:\Users\Jo\Desktop\GLCD Lib\" -SP"C:\Users\Jo\Desktop\" -SP"C:\Users\Jo\Desktop\18F4620\" -IP"C:\Users\Jo\Desktop\" "main.c" "truck_bmp.c" "__Lib_Math.mcl" "__Lib_MathDouble.mcl" "__Lib_System.mcl" "__Lib_Delays.mcl" "__Lib_CType.mcl" "__Lib_CString.mcl" "__Lib_CStdlib.mcl" "__Lib_CMath.mcl" "__Lib_Conversions.mcl" "__Lib_Sprintf.mcl" "__Lib_ADC_A_D.mcl"	 
hint: 0	1139	Available RAM: 3947 [bytes], Available ROM: 65536 [bytes]	 
diagnostics: 0	126	All files Preprocessed in 156 ms	 
diagnostics: 0	122	Compilation Started	glcd_jo.h
warning: 811	1508	Implicit conversion of int to ptr	glcd_jo.h
warning: 811	1506	Implicit conversion of pointer to int	glcd_jo.h
diagnostics: 100	123	Compiled Successfully	main.c
hint: 341	1164	Variable 'h_line' has been eliminated by optimizer	main.c
hint: 342	1164	Variable 'temp' has been eliminated by optimizer	main.c
hint: 358	1164	Variable 'h_line' has been eliminated by optimizer	main.c
hint: 359	1164	Variable 'temp' has been eliminated by optimizer	main.c
hint: 10	1164	Variable 'data_shift' has been eliminated by optimizer	main.c
diagnostics: 0	122	Compilation Started	truck_bmp.c
diagnostics: 15	123	Compiled Successfully	truck_bmp.c
diagnostics: 0	127	All files Compiled in 1279 ms	 
hint: 0	1144	Used RAM (bytes): 1162 (29%)  Free RAM (bytes): 2785 (71%)	Used RAM (bytes): 1162 (29%)  Free RAM (bytes): 2785 (71%)
hint: 0	1144	Used ROM (bytes): 18499 (28%)  Free ROM (bytes): 47037 (72%)	Used ROM (bytes): 18499 (28%)  Free ROM (bytes): 47037 (72%)
diagnostics: 0	125	Project Linked Successfully	main.mcppi
diagnostics: 0	128	Linked in 359 ms	 
diagnostics: 0	129	Project 'main.mcppi' completed: 1903 ms	 
diagnostics: 0	103	Finished successfully: 28 Thg5 2012, 17:47:01	main.mcppi
