0	1	mikroCPIC1618.exe -MSF -DBG -pP18F4620 -DL -O11111114 -fo8 -N"C:\Users\Jo\Desktop\New folder (2)\ glcd-lib\main.mcppi" -SP"C:\Users\Public\Documents\Mikroelektronika\mikroC PRO for PIC\defs\" -SP"C:\Users\Public\Documents\Mikroelektronika\mikroC PRO for PIC\uses\P18\" -SP"C:\Users\Jo\Desktop\New folder (2)\ glcd-lib\" -SP"C:\Users\Jo\Desktop\GLCD Lib\" -SP"C:\Users\Jo\Desktop\" -SP"C:\Users\Jo\Desktop\18F4620\" -IP"C:\Users\Jo\Desktop\" "main.c" "__Lib_Math.mcl" "__Lib_MathDouble.mcl" "__Lib_System.mcl" "__Lib_Delays.mcl" "__Lib_CType.mcl" "__Lib_CString.mcl" "__Lib_CStdlib.mcl" "__Lib_CMath.mcl" "__Lib_Conversions.mcl" "__Lib_Sprintf.mcl" "__Lib_ADC_A_D.mcl"	 
warning: 0	1501	Specified search path does not exist: 'C:\Users\Jo\Desktop\GLCD Lib'	 
warning: 0	1501	Specified search path does not exist: 'C:\Users\Jo\Desktop\18F4620'	 
hint: 0	1139	Available RAM: 3947 [bytes], Available ROM: 65536 [bytes]	 
diagnostics: 0	126	All files Preprocessed in 16 ms	 
diagnostics: 0	122	Compilation Started	glcd_pic.h
diagnostics: 104	123	Compiled Successfully	main.c
hint: 240	1164	Variable 'dataIn' has been eliminated by optimizer	main.c
hint: 294	1164	Variable 'h_line' has been eliminated by optimizer	main.c
hint: 295	1164	Variable 'temp' has been eliminated by optimizer	main.c
hint: 303	1164	Variable 'h_line' has been eliminated by optimizer	main.c
hint: 304	1164	Variable 'temp' has been eliminated by optimizer	main.c
hint: 10	1164	Variable 'data_shift' has been eliminated by optimizer	main.c
diagnostics: 0	127	All files Compiled in 218 ms	 
hint: 0	1144	Used RAM (bytes): 1183 (30%)  Free RAM (bytes): 2764 (70%)	Used RAM (bytes): 1183 (30%)  Free RAM (bytes): 2764 (70%)
hint: 0	1144	Used ROM (bytes): 18795 (29%)  Free ROM (bytes): 46741 (71%)	Used ROM (bytes): 18795 (29%)  Free ROM (bytes): 46741 (71%)
diagnostics: 0	125	Project Linked Successfully	main.mcppi
diagnostics: 0	128	Linked in 109 ms	 
diagnostics: 0	129	Project 'main.mcppi' completed: 374 ms	 
diagnostics: 0	103	Finished successfully: 11 Oct 2012, 10:42:08	main.mcppi
